<?xml version="1.0" encoding="UTF-8"?>
<testng-results ignored="0" total="1" passed="1" failed="0" skipped="0">
  <reporter-output>
  </reporter-output>
  <suite started-at="2022-06-25T15:21:36 CEST" name="Default suite" finished-at="2022-06-25T15:21:43 CEST" duration-ms="6638">
    <groups>
    </groups>
    <test started-at="2022-06-25T15:21:36 CEST" name="Default test" finished-at="2022-06-25T15:21:43 CEST" duration-ms="6638">
      <class name="BaseTest.ApiChallengeTest">
        <test-method signature="testValidateFormatOfEmailsInCommentsSectionForAllPostsOfAUser()[pri:0, instance:BaseTest.ApiChallengeTest@38c6f217]" started-at="2022-06-25T15:21:36 CEST" name="testValidateFormatOfEmailsInCommentsSectionForAllPostsOfAUser" finished-at="2022-06-25T15:21:43 CEST" duration-ms="6586" status="PASS">
          <reporter-output>
          </reporter-output>
        </test-method> <!-- testValidateFormatOfEmailsInCommentsSectionForAllPostsOfAUser -->
      </class> <!-- BaseTest.ApiChallengeTest -->
    </test> <!-- Default test -->
  </suite> <!-- Default suite -->
</testng-results>
